<?xml version="1.0" encoding="UTF-8"?>
<!-- Generated by org.testng.reporters.JUnitXMLReporter -->
<testsuite ignored="10" hostname="LTIN242912" failures="0" tests="11" name="Test" time="62.602" errors="0" timestamp="2024-02-27T23:11:08 IST">
  <testcase classname="bookShelves.BookShelveS" name="open_BookShelves" time="30.749"/>
  <testcase classname="bookShelves.BookShelveS" name="close_popup" time="0.779"/>
  <testcase classname="bookShelves.BookShelveS" name="Click_Excludeoutof_stock" time="2.575"/>
  <testcase classname="bookShelves.BookShelveS" name="open_Living" time="0.21"/>
  <testcase classname="bookShelves.BookShelveS" name="Select_SeatingandChairs" time="0.603"/>
  <testcase classname="bookShelves.BookShelveS" name="go_to_giftcards" time="3.691"/>
  <testcase classname="bookShelves.BookShelveS" name="Scroll_Toheading" time="5.102"/>
  <testcase classname="bookShelves.BookShelveS" name="Select_Annivesary" time="0.194"/>
  <testcase classname="bookShelves.BookShelveS" name="coustmize_giftcard" time="0.295"/>
  <testcase classname="bookShelves.BookShelveS" name="Click_confirm" time="2.436"/>
  <testcase classname="bookShelves.BookShelveS" name="click_confirm" time="2.053"/>
  <testcase classname="bookShelves.BookShelveS" name="Select_date" time="0.0">
    <ignored/>
  </testcase> <!-- Select_date -->
  <testcase classname="bookShelves.BookShelveS" name="fill_the_form" time="0.0">
    <ignored/>
  </testcase> <!-- fill_the_form -->
  <testcase classname="bookShelves.BookShelveS" name="Collect_Displayed_Pricesofitems" time="0.0">
    <ignored/>
  </testcase> <!-- Collect_Displayed_Pricesofitems -->
  <testcase classname="bookShelves.BookShelveS" name="valid_details" time="0.0">
    <ignored/>
  </testcase> <!-- valid_details -->
  <testcase classname="bookShelves.BookShelveS" name="Refill_details" time="0.0">
    <ignored/>
  </testcase> <!-- Refill_details -->
  <testcase classname="bookShelves.BookShelveS" name="open_category" time="0.0">
    <ignored/>
  </testcase> <!-- open_category -->
  <testcase classname="bookShelves.BookShelveS" name="Collect_Displayed_Namesofitems" time="0.0">
    <ignored/>
  </testcase> <!-- Collect_Displayed_Namesofitems -->
  <testcase classname="bookShelves.BookShelveS" name="price_selection" time="0.0">
    <ignored/>
  </testcase> <!-- price_selection -->
  <testcase classname="bookShelves.BookShelveS" name="Collect_listeditems_ofSeatingandchairs" time="0.0">
    <ignored/>
  </testcase> <!-- Collect_listeditems_ofSeatingandchairs -->
  <testcase classname="bookShelves.BookShelveS" name="Select_recommended" time="0.0">
    <ignored/>
  </testcase> <!-- Select_recommended -->
</testsuite> <!-- Test -->
