<?xml version="1.0" encoding="UTF-8"?>
<testng-results ignored="0" total="11" passed="11" failed="0" skipped="0">
  <reporter-output>
  </reporter-output>
  <suite started-at="2024-02-27T23:10:04 IST" name="Suite" finished-at="2024-02-27T23:11:07 IST" duration-ms="62602">
    <groups>
      <group name="smoke">
        <method signature="BookShelveS.open_BookShelves()[pri:1, instance:bookShelves.BookShelveS@22fcf7ab]" name="open_BookShelves" class="bookShelves.BookShelveS"/>
        <method signature="BookShelveS.close_popup()[pri:2, instance:bookShelves.BookShelveS@22fcf7ab]" name="close_popup" class="bookShelves.BookShelveS"/>
        <method signature="BookShelveS.Click_Excludeoutof_stock()[pri:5, instance:bookShelves.BookShelveS@22fcf7ab]" name="Click_Excludeoutof_stock" class="bookShelves.BookShelveS"/>
        <method signature="BookShelveS.open_Living()[pri:9, instance:bookShelves.BookShelveS@22fcf7ab]" name="open_Living" class="bookShelves.BookShelveS"/>
        <method signature="BookShelveS.Select_SeatingandChairs()[pri:10, instance:bookShelves.BookShelveS@22fcf7ab]" name="Select_SeatingandChairs" class="bookShelves.BookShelveS"/>
        <method signature="BookShelveS.go_to_giftcards()[pri:12, instance:bookShelves.BookShelveS@22fcf7ab]" name="go_to_giftcards" class="bookShelves.BookShelveS"/>
        <method signature="BookShelveS.Scroll_Toheading()[pri:13, instance:bookShelves.BookShelveS@22fcf7ab]" name="Scroll_Toheading" class="bookShelves.BookShelveS"/>
        <method signature="BookShelveS.Select_Annivesary()[pri:14, instance:bookShelves.BookShelveS@22fcf7ab]" name="Select_Annivesary" class="bookShelves.BookShelveS"/>
        <method signature="BookShelveS.coustmize_giftcard()[pri:15, instance:bookShelves.BookShelveS@22fcf7ab]" name="coustmize_giftcard" class="bookShelves.BookShelveS"/>
        <method signature="BookShelveS.Click_confirm()[pri:18, instance:bookShelves.BookShelveS@22fcf7ab]" name="Click_confirm" class="bookShelves.BookShelveS"/>
        <method signature="BookShelveS.click_confirm()[pri:21, instance:bookShelves.BookShelveS@22fcf7ab]" name="click_confirm" class="bookShelves.BookShelveS"/>
      </group> <!-- smoke -->
    </groups>
    <test started-at="2024-02-27T23:10:04 IST" name="Test" finished-at="2024-02-27T23:11:07 IST" duration-ms="62602">
      <class name="bookShelves.BookShelveS">
        <test-method is-config="true" signature="setup()[pri:0, instance:bookShelves.BookShelveS@22fcf7ab]" started-at="2024-02-27T23:10:05 IST" name="setup" finished-at="2024-02-27T23:10:17 IST" duration-ms="11965" status="PASS">
          <reporter-output>
          </reporter-output>
        </test-method> <!-- setup -->
        <test-method signature="open_BookShelves()[pri:1, instance:bookShelves.BookShelveS@22fcf7ab]" started-at="2024-02-27T23:10:17 IST" name="open_BookShelves" finished-at="2024-02-27T23:10:48 IST" duration-ms="30749" status="PASS">
          <reporter-output>
          </reporter-output>
        </test-method> <!-- open_BookShelves -->
        <test-method signature="close_popup()[pri:2, instance:bookShelves.BookShelveS@22fcf7ab]" started-at="2024-02-27T23:10:48 IST" name="close_popup" finished-at="2024-02-27T23:10:49 IST" duration-ms="779" status="PASS">
          <reporter-output>
          </reporter-output>
        </test-method> <!-- close_popup -->
        <test-method signature="Click_Excludeoutof_stock()[pri:5, instance:bookShelves.BookShelveS@22fcf7ab]" started-at="2024-02-27T23:10:49 IST" name="Click_Excludeoutof_stock" finished-at="2024-02-27T23:10:51 IST" duration-ms="2575" status="PASS">
          <reporter-output>
          </reporter-output>
        </test-method> <!-- Click_Excludeoutof_stock -->
        <test-method signature="open_Living()[pri:9, instance:bookShelves.BookShelveS@22fcf7ab]" started-at="2024-02-27T23:10:51 IST" name="open_Living" finished-at="2024-02-27T23:10:51 IST" duration-ms="210" status="PASS">
          <reporter-output>
          </reporter-output>
        </test-method> <!-- open_Living -->
        <test-method signature="Select_SeatingandChairs()[pri:10, instance:bookShelves.BookShelveS@22fcf7ab]" started-at="2024-02-27T23:10:51 IST" name="Select_SeatingandChairs" finished-at="2024-02-27T23:10:52 IST" duration-ms="603" status="PASS">
          <reporter-output>
          </reporter-output>
        </test-method> <!-- Select_SeatingandChairs -->
        <test-method signature="go_to_giftcards()[pri:12, instance:bookShelves.BookShelveS@22fcf7ab]" started-at="2024-02-27T23:10:52 IST" name="go_to_giftcards" finished-at="2024-02-27T23:10:56 IST" duration-ms="3691" status="PASS">
          <reporter-output>
          </reporter-output>
        </test-method> <!-- go_to_giftcards -->
        <test-method signature="Scroll_Toheading()[pri:13, instance:bookShelves.BookShelveS@22fcf7ab]" started-at="2024-02-27T23:10:56 IST" name="Scroll_Toheading" finished-at="2024-02-27T23:11:01 IST" duration-ms="5102" status="PASS">
          <reporter-output>
          </reporter-output>
        </test-method> <!-- Scroll_Toheading -->
        <test-method signature="Select_Annivesary()[pri:14, instance:bookShelves.BookShelveS@22fcf7ab]" started-at="2024-02-27T23:11:01 IST" name="Select_Annivesary" finished-at="2024-02-27T23:11:01 IST" duration-ms="194" status="PASS">
          <reporter-output>
          </reporter-output>
        </test-method> <!-- Select_Annivesary -->
        <test-method signature="coustmize_giftcard()[pri:15, instance:bookShelves.BookShelveS@22fcf7ab]" started-at="2024-02-27T23:11:01 IST" name="coustmize_giftcard" finished-at="2024-02-27T23:11:01 IST" duration-ms="295" status="PASS">
          <reporter-output>
          </reporter-output>
        </test-method> <!-- coustmize_giftcard -->
        <test-method signature="Click_confirm()[pri:18, instance:bookShelves.BookShelveS@22fcf7ab]" started-at="2024-02-27T23:11:01 IST" name="Click_confirm" finished-at="2024-02-27T23:11:04 IST" duration-ms="2436" status="PASS">
          <reporter-output>
          </reporter-output>
        </test-method> <!-- Click_confirm -->
        <test-method signature="click_confirm()[pri:21, instance:bookShelves.BookShelveS@22fcf7ab]" started-at="2024-02-27T23:11:04 IST" name="click_confirm" finished-at="2024-02-27T23:11:06 IST" duration-ms="2053" status="PASS">
          <reporter-output>
          </reporter-output>
        </test-method> <!-- click_confirm -->
        <test-method is-config="true" signature="tearDown()[pri:0, instance:bookShelves.BookShelveS@22fcf7ab]" started-at="2024-02-27T23:11:06 IST" name="tearDown" finished-at="2024-02-27T23:11:07 IST" duration-ms="1157" status="PASS">
          <reporter-output>
          </reporter-output>
        </test-method> <!-- tearDown -->
      </class> <!-- bookShelves.BookShelveS -->
    </test> <!-- Test -->
  </suite> <!-- Suite -->
</testng-results>
